============================= test session starts =============================
platform win32 -- Python 3.14.0, pytest-8.4.1, pluggy-1.6.0
rootdir: D:\github\spiderfoot
configfile: pytest.ini
plugins: anyio-4.12.1, cov-6.2.1, mock-3.14.1, xdist-3.7.0
collected 286 items / 1 deselected / 285 selected

test/unit/test_scan_templates.py::TestScanTemplate::test_add_event_types PASSED [  0%]
test/unit/test_scan_templates.py::TestScanTemplate::test_add_modules PASSED [  0%]
test/unit/test_scan_templates.py::TestScanTemplate::test_chaining PASSED [  1%]
test/unit/test_scan_templates.py::TestScanTemplate::test_clone PASSED    [  1%]
test/unit/test_scan_templates.py::TestScanTemplate::test_defaults PASSED [  1%]
test/unit/test_scan_templates.py::TestScanTemplate::test_exclude_modules PASSED [  2%]
test/unit/test_scan_templates.py::TestScanTemplate::test_from_dict PASSED [  2%]
test/unit/test_scan_templates.py::TestScanTemplate::test_from_dict_defaults PASSED [  2%]
test/unit/test_scan_templates.py::TestScanTemplate::test_roundtrip PASSED [  3%]
test/unit/test_scan_templates.py::TestScanTemplate::test_set_option PASSED [  3%]
test/unit/test_scan_templates.py::TestScanTemplate::test_to_dict PASSED  [  3%]
test/unit/test_scan_templates.py::TestTemplateRegistry::test_defaults_loaded PASSED [  4%]
test/unit/test_scan_templates.py::TestTemplateRegistry::test_empty_registry PASSED [  4%]
test/unit/test_scan_templates.py::TestTemplateRegistry::test_get PASSED  [  4%]
test/unit/test_scan_templates.py::TestTemplateRegistry::test_get_by_category PASSED [  5%]
test/unit/test_scan_templates.py::TestTemplateRegistry::test_get_missing PASSED [  5%]
test/unit/test_scan_templates.py::TestTemplateRegistry::test_register PASSED [  5%]
test/unit/test_scan_templates.py::TestTemplateRegistry::test_search PASSED [  6%]
test/unit/test_scan_templates.py::TestTemplateRegistry::test_search_by_tag PASSED [  6%]
test/unit/test_scan_templates.py::TestTemplateRegistry::test_summary PASSED [  7%]
test/unit/test_scan_templates.py::TestTemplateRegistry::test_to_dict PASSED [  7%]
test/unit/test_scan_templates.py::TestTemplateRegistry::test_unregister PASSED [  7%]
test/unit/test_result_cache.py::TestCacheEntry::test_defaults PASSED     [  8%]
test/unit/test_result_cache.py::TestCacheEntry::test_touch PASSED        [  8%]
test/unit/test_result_cache.py::TestCacheEntry::test_expired PASSED      [  8%]
test/unit/test_result_cache.py::TestCacheEntry::test_to_dict PASSED      [  9%]
test/unit/test_result_cache.py::TestCacheStats::test_defaults PASSED     [  9%]
test/unit/test_result_cache.py::TestCacheStats::test_hit_rate PASSED     [  9%]
test/unit/test_result_cache.py::TestCacheStats::test_reset PASSED        [ 10%]
test/unit/test_result_cache.py::TestCacheStats::test_to_dict PASSED      [ 10%]
test/unit/test_result_cache.py::TestResultCache::test_set_and_get PASSED [ 10%]
test/unit/test_result_cache.py::TestResultCache::test_get_missing PASSED [ 11%]
test/unit/test_result_cache.py::TestResultCache::test_delete PASSED      [ 11%]
test/unit/test_result_cache.py::TestResultCache::test_has PASSED         [ 11%]
test/unit/test_result_cache.py::TestResultCache::test_clear PASSED       [ 12%]
test/unit/test_result_cache.py::TestResultCache::test_ttl_expiry PASSED  [ 12%]
test/unit/test_result_cache.py::TestResultCache::test_custom_ttl PASSED  [ 12%]
test/unit/test_result_cache.py::TestResultCache::test_lru_eviction PASSED [ 13%]
test/unit/test_result_cache.py::TestResultCache::test_fifo_eviction PASSED [ 13%]
test/unit/test_result_cache.py::TestResultCache::test_lfu_eviction PASSED [ 14%]
test/unit/test_result_cache.py::TestResultCache::test_stats_tracking PASSED [ 14%]
test/unit/test_result_cache.py::TestResultCache::test_keys PASSED        [ 14%]
test/unit/test_result_cache.py::TestResultCache::test_purge_expired PASSED [ 15%]
test/unit/test_result_cache.py::TestResultCache::test_get_or_set PASSED  [ 15%]
test/unit/test_result_cache.py::TestResultCache::test_make_key PASSED    [ 15%]
test/unit/test_result_cache.py::TestResultCache::test_update_existing PASSED [ 16%]
test/unit/test_result_cache.py::TestResultCache::test_to_dict PASSED     [ 16%]
test/unit/test_result_cache.py::TestResultCache::test_eviction_stats PASSED [ 16%]
test/unit/test_result_cache.py::TestScanResultCache::test_store_and_get PASSED [ 17%]
test/unit/test_result_cache.py::TestScanResultCache::test_get_missing PASSED [ 17%]
test/unit/test_result_cache.py::TestScanResultCache::test_has_result PASSED [ 17%]
test/unit/test_result_cache.py::TestScanResultCache::test_invalidate_scan PASSED [ 18%]
test/unit/test_result_cache.py::TestScanResultCache::test_invalidate_module PASSED [ 18%]
test/unit/test_result_cache.py::TestScanResultCache::test_clear PASSED   [ 18%]
test/unit/test_result_cache.py::TestScanResultCache::test_stats PASSED   [ 19%]
test/unit/test_result_cache.py::TestScanResultCache::test_to_dict PASSED [ 19%]
test/unit/test_module_api_client.py::TestRequestConfig::test_defaults PASSED [ 20%]
test/unit/test_module_api_client.py::TestRequestConfig::test_to_dict PASSED [ 20%]
test/unit/test_module_api_client.py::TestApiResponse::test_ok PASSED     [ 20%]
test/unit/test_module_api_client.py::TestApiResponse::test_is_json PASSED [ 21%]
test/unit/test_module_api_client.py::TestApiResponse::test_json_from_dict PASSED [ 21%]
test/unit/test_module_api_client.py::TestApiResponse::test_json_from_string PASSED [ 21%]
test/unit/test_module_api_client.py::TestApiResponse::test_text_from_string PASSED [ 22%]
test/unit/test_module_api_client.py::TestApiResponse::test_text_from_bytes PASSED [ 22%]
test/unit/test_module_api_client.py::TestApiResponse::test_text_from_none PASSED [ 22%]
test/unit/test_module_api_client.py::TestApiResponse::test_to_dict PASSED [ 23%]
test/unit/test_module_api_client.py::TestRateLimiter::test_acquire_within_burst PASSED [ 23%]
test/unit/test_module_api_client.py::TestRateLimiter::test_acquire_exhausted PASSED [ 23%]
test/unit/test_module_api_client.py::TestRateLimiter::test_wait_does_not_crash PASSED [ 24%]
test/unit/test_module_api_client.py::TestRequestRecord::test_to_dict PASSED [ 24%]
test/unit/test_module_api_client.py::TestModuleApiClient::test_defaults PASSED [ 24%]
test/unit/test_module_api_client.py::TestModuleApiClient::test_build_url_with_base PASSED [ 25%]
test/unit/test_module_api_client.py::TestModuleApiClient::test_build_url_absolute PASSED [ 25%]
test/unit/test_module_api_client.py::TestModuleApiClient::test_build_url_with_params PASSED [ 25%]
test/unit/test_module_api_client.py::TestModuleApiClient::test_build_headers_with_api_key PASSED [ 26%]
test/unit/test_module_api_client.py::TestModuleApiClient::test_build_headers_custom_key_header PASSED [ 26%]
test/unit/test_module_api_client.py::TestModuleApiClient::test_set_header PASSED [ 27%]
test/unit/test_module_api_client.py::TestModuleApiClient::test_remove_header PASSED [ 27%]
test/unit/test_module_api_client.py::TestModuleApiClient::test_get_request PASSED [ 27%]
test/unit/test_module_api_client.py::TestModuleApiClient::test_post_request PASSED [ 28%]
test/unit/test_module_api_client.py::TestModuleApiClient::test_history_tracking PASSED [ 28%]
test/unit/test_module_api_client.py::TestModuleApiClient::test_clear_history PASSED [ 28%]
test/unit/test_module_api_client.py::TestModuleApiClient::test_history_max_size PASSED [ 29%]
test/unit/test_module_api_client.py::TestModuleApiClient::test_get_stats_empty PASSED [ 29%]
test/unit/test_module_api_client.py::TestModuleApiClient::test_get_stats_with_requests PASSED [ 29%]
test/unit/test_module_api_client.py::TestModuleApiClient::test_to_dict PASSED [ 30%]
test/unit/test_module_api_client.py::TestModuleApiClient::test_with_rate_limiter PASSED [ 30%]
test/unit/test_module_api_client.py::TestModuleApiClient::test_build_headers_extra PASSED [ 30%]
test/unit/test_alert_rules.py::TestAlertCondition::test_event_type_match PASSED [ 31%]
test/unit/test_alert_rules.py::TestAlertCondition::test_pattern_match PASSED [ 31%]
test/unit/test_alert_rules.py::TestAlertCondition::test_severity_gte PASSED [ 31%]
test/unit/test_alert_rules.py::TestAlertCondition::test_severity_eq PASSED [ 32%]
test/unit/test_alert_rules.py::TestAlertCondition::test_count_threshold PASSED [ 32%]
test/unit/test_alert_rules.py::TestAlertCondition::test_rate_threshold PASSED [ 32%]
test/unit/test_alert_rules.py::TestAlertCondition::test_custom_callable PASSED [ 33%]
test/unit/test_alert_rules.py::TestAlertCondition::test_to_dict PASSED   [ 33%]
test/unit/test_alert_rules.py::TestAlert::test_defaults PASSED           [ 34%]
test/unit/test_alert_rules.py::TestAlert::test_acknowledge PASSED        [ 34%]
test/unit/test_alert_rules.py::TestAlert::test_to_dict PASSED            [ 34%]
test/unit/test_alert_rules.py::TestAlertRule::test_basic_trigger PASSED  [ 35%]
test/unit/test_alert_rules.py::TestAlertRule::test_no_trigger PASSED     [ 35%]
test/unit/test_alert_rules.py::TestAlertRule::test_disabled_rule PASSED  [ 35%]
test/unit/test_alert_rules.py::TestAlertRule::test_match_any PASSED      [ 36%]
test/unit/test_alert_rules.py::TestAlertRule::test_match_all PASSED      [ 36%]
test/unit/test_alert_rules.py::TestAlertRule::test_max_alerts PASSED     [ 36%]
test/unit/test_alert_rules.py::TestAlertRule::test_cooldown PASSED       [ 37%]
test/unit/test_alert_rules.py::TestAlertRule::test_message_template PASSED [ 37%]
test/unit/test_alert_rules.py::TestAlertRule::test_chaining PASSED       [ 37%]
test/unit/test_alert_rules.py::TestAlertRule::test_reset PASSED          [ 38%]
test/unit/test_alert_rules.py::TestAlertRule::test_to_dict PASSED        [ 38%]
test/unit/test_alert_rules.py::TestAlertRule::test_no_conditions PASSED  [ 38%]
test/unit/test_alert_rules.py::TestAlertEngine::test_add_and_process PASSED [ 39%]
test/unit/test_alert_rules.py::TestAlertEngine::test_no_trigger PASSED   [ 39%]
test/unit/test_alert_rules.py::TestAlertEngine::test_multiple_rules PASSED [ 40%]
test/unit/test_alert_rules.py::TestAlertEngine::test_handler_called PASSED [ 40%]
test/unit/test_alert_rules.py::TestAlertEngine::test_handler_error_isolated PASSED [ 40%]
test/unit/test_alert_rules.py::TestAlertEngine::test_remove_rule PASSED  [ 41%]
test/unit/test_alert_rules.py::TestAlertEngine::test_get_rule PASSED     [ 41%]
test/unit/test_alert_rules.py::TestAlertEngine::test_alerts_by_severity PASSED [ 41%]
test/unit/test_alert_rules.py::TestAlertEngine::test_acknowledge_all PASSED [ 42%]
test/unit/test_alert_rules.py::TestAlertEngine::test_clear_alerts PASSED [ 42%]
test/unit/test_alert_rules.py::TestAlertEngine::test_reset PASSED        [ 42%]
test/unit/test_alert_rules.py::TestAlertEngine::test_summary PASSED      [ 43%]
test/unit/test_alert_rules.py::TestAlertEngine::test_to_dict PASSED      [ 43%]
test/unit/test_alert_rules.py::TestAlertEngine::test_history_limit PASSED [ 43%]
test/unit/test_scan_workflow.py::TestStepResult::test_defaults PASSED    [ 44%]
test/unit/test_scan_workflow.py::TestStepResult::test_to_dict PASSED     [ 44%]
test/unit/test_scan_workflow.py::TestWorkflowStep::test_defaults PASSED  [ 44%]
test/unit/test_scan_workflow.py::TestWorkflowStep::test_execute PASSED   [ 45%]
test/unit/test_scan_workflow.py::TestWorkflowStep::test_reset PASSED     [ 45%]
test/unit/test_scan_workflow.py::TestWorkflowStep::test_to_dict PASSED   [ 45%]
test/unit/test_scan_workflow.py::TestModuleStep::test_execute PASSED     [ 46%]
test/unit/test_scan_workflow.py::TestModuleStep::test_to_dict PASSED     [ 46%]
test/unit/test_scan_workflow.py::TestSequenceStep::test_execute_all PASSED [ 47%]
test/unit/test_scan_workflow.py::TestSequenceStep::test_chaining PASSED  [ 47%]
test/unit/test_scan_workflow.py::TestSequenceStep::test_reset PASSED     [ 47%]
test/unit/test_scan_workflow.py::TestSequenceStep::test_to_dict PASSED   [ 48%]
test/unit/test_scan_workflow.py::TestParallelStep::test_execute_all PASSED [ 48%]
test/unit/test_scan_workflow.py::TestParallelStep::test_chaining PASSED  [ 48%]
test/unit/test_scan_workflow.py::TestParallelStep::test_reset PASSED     [ 49%]
test/unit/test_scan_workflow.py::TestParallelStep::test_to_dict PASSED   [ 49%]
test/unit/test_scan_workflow.py::TestConditionalStep::test_true_branch PASSED [ 49%]
test/unit/test_scan_workflow.py::TestConditionalStep::test_false_branch PASSED [ 50%]
test/unit/test_scan_workflow.py::TestConditionalStep::test_no_branch PASSED [ 50%]
test/unit/test_scan_workflow.py::TestConditionalStep::test_condition_error PASSED [ 50%]
test/unit/test_scan_workflow.py::TestConditionalStep::test_reset PASSED  [ 51%]
test/unit/test_scan_workflow.py::TestConditionalStep::test_to_dict PASSED [ 51%]
test/unit/test_scan_workflow.py::TestDelayStep::test_execute PASSED      [ 51%]
test/unit/test_scan_workflow.py::TestDelayStep::test_to_dict PASSED      [ 52%]
test/unit/test_scan_workflow.py::TestCheckpointStep::test_execute PASSED [ 52%]
test/unit/test_scan_workflow.py::TestScanWorkflow::test_empty_workflow PASSED [ 52%]
test/unit/test_scan_workflow.py::TestScanWorkflow::test_add_and_execute PASSED [ 53%]
test/unit/test_scan_workflow.py::TestScanWorkflow::test_chaining PASSED  [ 53%]
test/unit/test_scan_workflow.py::TestScanWorkflow::test_nested_workflow PASSED [ 54%]
test/unit/test_scan_workflow.py::TestScanWorkflow::test_reset PASSED     [ 54%]
test/unit/test_scan_workflow.py::TestScanWorkflow::test_to_dict PASSED   [ 54%]
test/unit/test_scan_workflow.py::TestScanWorkflow::test_steps_property PASSED [ 55%]
test/unit/test_scan_workflow.py::TestScanWorkflow::test_with_conditional PASSED [ 55%]
test/unit/test_module_versioning.py::TestSemanticVersion::test_defaults PASSED [ 55%]
test/unit/test_module_versioning.py::TestSemanticVersion::test_str PASSED [ 56%]
test/unit/test_module_versioning.py::TestSemanticVersion::test_parse PASSED [ 56%]
test/unit/test_module_versioning.py::TestSemanticVersion::test_parse_invalid PASSED [ 56%]
test/unit/test_module_versioning.py::TestSemanticVersion::test_comparison PASSED [ 57%]
test/unit/test_module_versioning.py::TestSemanticVersion::test_bump_major PASSED [ 57%]
test/unit/test_module_versioning.py::TestSemanticVersion::test_bump_minor PASSED [ 57%]
test/unit/test_module_versioning.py::TestSemanticVersion::test_bump_patch PASSED [ 58%]
test/unit/test_module_versioning.py::TestSemanticVersion::test_compatible PASSED [ 58%]
test/unit/test_module_versioning.py::TestSemanticVersion::test_to_dict PASSED [ 58%]
test/unit/test_module_versioning.py::TestVersionConstraint::test_gte PASSED [ 59%]
test/unit/test_module_versioning.py::TestVersionConstraint::test_lt PASSED [ 59%]
test/unit/test_module_versioning.py::TestVersionConstraint::test_eq PASSED [ 60%]
test/unit/test_module_versioning.py::TestVersionConstraint::test_neq PASSED [ 60%]
test/unit/test_module_versioning.py::TestVersionConstraint::test_caret PASSED [ 60%]
test/unit/test_module_versioning.py::TestVersionConstraint::test_tilde PASSED [ 61%]
test/unit/test_module_versioning.py::TestVersionConstraint::test_parse_invalid PASSED [ 61%]
test/unit/test_module_versioning.py::TestVersionConstraint::test_str PASSED [ 61%]
test/unit/test_module_versioning.py::TestChangelogEntry::test_to_dict PASSED [ 62%]
test/unit/test_module_versioning.py::TestModuleVersionInfo::test_defaults PASSED [ 62%]
test/unit/test_module_versioning.py::TestModuleVersionInfo::test_bump PASSED [ 62%]
test/unit/test_module_versioning.py::TestModuleVersionInfo::test_bump_chaining PASSED [ 63%]
test/unit/test_module_versioning.py::TestModuleVersionInfo::test_major_bump_breaking PASSED [ 63%]
test/unit/test_module_versioning.py::TestModuleVersionInfo::test_dependency PASSED [ 63%]
test/unit/test_module_versioning.py::TestModuleVersionInfo::test_dependency_chaining PASSED [ 64%]
test/unit/test_module_versioning.py::TestModuleVersionInfo::test_remove_dependency PASSED [ 64%]
test/unit/test_module_versioning.py::TestModuleVersionInfo::test_no_constraint_compatible PASSED [ 64%]
test/unit/test_module_versioning.py::TestModuleVersionInfo::test_deprecate PASSED [ 65%]
test/unit/test_module_versioning.py::TestModuleVersionInfo::test_to_dict PASSED [ 65%]
test/unit/test_module_versioning.py::TestModuleVersionRegistry::test_register PASSED [ 65%]
test/unit/test_module_versioning.py::TestModuleVersionRegistry::test_register_default_version PASSED [ 66%]
test/unit/test_module_versioning.py::TestModuleVersionRegistry::test_get PASSED [ 66%]
test/unit/test_module_versioning.py::TestModuleVersionRegistry::test_unregister PASSED [ 67%]
test/unit/test_module_versioning.py::TestModuleVersionRegistry::test_list_modules PASSED [ 67%]
test/unit/test_module_versioning.py::TestModuleVersionRegistry::test_get_deprecated PASSED [ 67%]
test/unit/test_module_versioning.py::TestModuleVersionRegistry::test_check_compatibility PASSED [ 68%]
test/unit/test_module_versioning.py::TestModuleVersionRegistry::test_find_dependents PASSED [ 68%]
test/unit/test_module_versioning.py::TestModuleVersionRegistry::test_summary PASSED [ 68%]
test/unit/test_module_versioning.py::TestModuleVersionRegistry::test_to_dict PASSED [ 69%]
test/unit/test_event_store.py::TestStoredEvent::test_defaults PASSED     [ 69%]
test/unit/test_event_store.py::TestStoredEvent::test_add_tag PASSED      [ 69%]
test/unit/test_event_store.py::TestStoredEvent::test_set_meta PASSED     [ 70%]
test/unit/test_event_store.py::TestStoredEvent::test_to_dict PASSED      [ 70%]
test/unit/test_event_store.py::TestRetentionPolicy::test_defaults PASSED [ 70%]
test/unit/test_event_store.py::TestRetentionPolicy::test_to_dict PASSED  [ 71%]
test/unit/test_event_store.py::TestEventStore::test_store_and_get PASSED [ 71%]
test/unit/test_event_store.py::TestEventStore::test_get_missing PASSED   [ 71%]
test/unit/test_event_store.py::TestEventStore::test_count PASSED         [ 72%]
test/unit/test_event_store.py::TestEventStore::test_delete PASSED        [ 72%]
test/unit/test_event_store.py::TestEventStore::test_delete_scan PASSED   [ 72%]
test/unit/test_event_store.py::TestEventStore::test_clear PASSED         [ 73%]
test/unit/test_event_store.py::TestEventStore::test_query_by_scan PASSED [ 73%]
test/unit/test_event_store.py::TestEventStore::test_query_by_type PASSED [ 74%]
test/unit/test_event_store.py::TestEventStore::test_query_by_module PASSED [ 74%]
test/unit/test_event_store.py::TestEventStore::test_query_by_priority PASSED [ 74%]
test/unit/test_event_store.py::TestEventStore::test_query_by_tag PASSED  [ 75%]
test/unit/test_event_store.py::TestEventStore::test_query_limit_offset PASSED [ 75%]
test/unit/test_event_store.py::TestEventStore::test_query_time_range PASSED [ 75%]
test/unit/test_event_store.py::TestEventStore::test_get_event_types PASSED [ 76%]
test/unit/test_event_store.py::TestEventStore::test_get_event_types_by_scan PASSED [ 76%]
test/unit/test_event_store.py::TestEventStore::test_get_modules PASSED   [ 76%]
test/unit/test_event_store.py::TestEventStore::test_retention_max_events PASSED [ 77%]
test/unit/test_event_store.py::TestEventStore::test_retention_max_age PASSED [ 77%]
test/unit/test_event_store.py::TestEventStore::test_summary PASSED       [ 77%]
test/unit/test_event_store.py::TestEventStore::test_to_dict PASSED       [ 78%]
test/unit/test_event_store.py::TestEventStore::test_index_cleanup_on_delete PASSED [ 78%]
test/unit/test_event_taxonomy.py::TestEventCategory::test_values PASSED  [ 78%]
test/unit/test_event_taxonomy.py::TestRiskLevel::test_values PASSED      [ 79%]
test/unit/test_event_taxonomy.py::TestEventTypeInfo::test_defaults PASSED [ 79%]
test/unit/test_event_taxonomy.py::TestEventTypeInfo::test_parent_type PASSED [ 80%]
test/unit/test_event_taxonomy.py::TestEventTypeInfo::test_to_dict PASSED [ 80%]
test/unit/test_event_taxonomy.py::TestEventTaxonomy::test_categories PASSED [ 80%]
test/unit/test_event_taxonomy.py::TestEventTaxonomy::test_defaults_loaded PASSED [ 81%]
test/unit/test_event_taxonomy.py::TestEventTaxonomy::test_empty_taxonomy PASSED [ 81%]
test/unit/test_event_taxonomy.py::TestEventTaxonomy::test_exists PASSED  [ 81%]
test/unit/test_event_taxonomy.py::TestEventTaxonomy::test_get PASSED     [ 82%]
test/unit/test_event_taxonomy.py::TestEventTaxonomy::test_get_ancestors PASSED [ 82%]
test/unit/test_event_taxonomy.py::TestEventTaxonomy::test_get_ancestors_no_parent PASSED [ 82%]
test/unit/test_event_taxonomy.py::TestEventTaxonomy::test_get_by_category PASSED [ 83%]
test/unit/test_event_taxonomy.py::TestEventTaxonomy::test_get_by_risk PASSED [ 83%]
test/unit/test_event_taxonomy.py::TestEventTaxonomy::test_get_category PASSED [ 83%]
test/unit/test_event_taxonomy.py::TestEventTaxonomy::test_get_children PASSED [ 84%]
test/unit/test_event_taxonomy.py::TestEventTaxonomy::test_get_missing PASSED [ 84%]
test/unit/test_event_taxonomy.py::TestEventTaxonomy::test_get_risk PASSED [ 84%]
test/unit/test_event_taxonomy.py::TestEventTaxonomy::test_is_descendant PASSED [ 85%]
test/unit/test_event_taxonomy.py::TestEventTaxonomy::test_parent_chain PASSED [ 85%]
test/unit/test_event_taxonomy.py::TestEventTaxonomy::test_raw_event_types PASSED [ 85%]
test/unit/test_event_taxonomy.py::TestEventTaxonomy::test_register PASSED [ 86%]
test/unit/test_event_taxonomy.py::TestEventTaxonomy::test_register_chaining PASSED [ 86%]
test/unit/test_event_taxonomy.py::TestEventTaxonomy::test_risk_distribution PASSED [ 87%]
test/unit/test_event_taxonomy.py::TestEventTaxonomy::test_search PASSED  [ 87%]
test/unit/test_event_taxonomy.py::TestEventTaxonomy::test_search_case_insensitive PASSED [ 87%]
test/unit/test_event_taxonomy.py::TestEventTaxonomy::test_search_no_results PASSED [ 88%]
test/unit/test_event_taxonomy.py::TestEventTaxonomy::test_summary PASSED [ 88%]
test/unit/test_event_taxonomy.py::TestEventTaxonomy::test_to_dict PASSED [ 88%]
test/unit/test_event_taxonomy.py::TestEventTaxonomy::test_unregister PASSED [ 89%]
test/unit/test_event_taxonomy.py::TestEventTaxonomy::test_unregister_missing PASSED [ 89%]
test/unit/test_event_taxonomy.py::TestEventTaxonomy::test_validate_type PASSED [ 89%]
test/integration/test_final_validation.py::TestTaxonomyWithEventStore::test_store_events_by_taxonomy_category PASSED [ 90%]
test/integration/test_final_validation.py::TestTaxonomyWithEventStore::test_query_events_by_risk_level PASSED [ 90%]
test/integration/test_final_validation.py::TestTemplatesWithWorkflow::test_template_to_workflow PASSED [ 90%]
test/integration/test_final_validation.py::TestTemplatesWithWorkflow::test_template_chain_to_sequence PASSED [ 91%]
test/integration/test_final_validation.py::TestCacheWithEventStore::test_cache_query_results PASSED [ 91%]
test/integration/test_final_validation.py::TestCacheWithEventStore::test_cache_invalidation_on_new_events PASSED [ 91%]
test/integration/test_final_validation.py::TestAlertRulesWithEventStore::test_alerts_on_critical_events PASSED [ 92%]
test/integration/test_final_validation.py::TestAlertRulesWithEventStore::test_no_alert_for_low_risk PASSED [ 92%]
test/integration/test_final_validation.py::TestVersioningWithTemplates::test_template_modules_versioned PASSED [ 92%]
test/integration/test_final_validation.py::TestVersioningWithTemplates::test_dependency_check_across_modules PASSED [ 93%]
test/integration/test_final_validation.py::TestApiClientWithCache::test_cache_api_responses PASSED [ 93%]
test/integration/test_final_validation.py::TestApiClientWithCache::test_api_client_stats PASSED [ 94%]
test/integration/test_final_validation.py::TestWorkflowWithAlerts::test_conditional_alert_workflow PASSED [ 94%]
test/integration/test_final_validation.py::TestFullPipeline::test_end_to_end PASSED [ 94%]
test/integration/test_cross_component.py::TestPipelineWithFilters::test_filter_stage_blocks_events PASSED [ 95%]
test/integration/test_cross_component.py::TestPipelineWithFilters::test_pipeline_tagging_and_routing PASSED [ 95%]
test/integration/test_cross_component.py::TestPipelineWithFilters::test_pipeline_validator_then_transform PASSED [ 95%]
test/integration/test_cross_component.py::TestSandboxWithMetrics::test_sandbox_failure_tracked_in_metrics 
-------------------------------- live log call --------------------------------
22:49:49 [ERROR] Module 'sfp_bad' sandbox error: module crash
PASSED                                                                   [ 96%]
test/integration/test_cross_component.py::TestSandboxWithMetrics::test_sandbox_records_metrics PASSED [ 96%]
test/integration/test_cross_component.py::TestOrchestratorWithPolicy::test_policy_blocks_module_registration PASSED [ 96%]
test/integration/test_cross_component.py::TestOrchestratorWithPolicy::test_policy_engine_multi_policy PASSED [ 97%]
test/integration/test_cross_component.py::TestCorrelationWithPipeline::test_correlation_with_group_by PASSED [ 97%]
test/integration/test_cross_component.py::TestCorrelationWithPipeline::test_pipeline_feeds_correlation_engine PASSED [ 97%]
test/integration/test_cross_component.py::TestExportWithFiltering::test_export_csv_module_filter PASSED [ 98%]
test/integration/test_cross_component.py::TestExportWithFiltering::test_export_high_risk_only PASSED [ 98%]
test/integration/test_cross_component.py::TestExportWithFiltering::test_export_summary_with_risk_distribution PASSED [ 98%]
test/integration/test_cross_component.py::TestDependencyResolverWithOrchestrator::test_dependency_order_informs_scheduling PASSED [ 99%]
test/integration/test_cross_component.py::TestSandboxManagerWorkflow::test_mixed_success_failure 
-------------------------------- live log call --------------------------------
22:49:50 [ERROR] Module 'sfp_bad' sandbox error: x
PASSED                                                                   [ 99%]
test/integration/test_cross_component.py::TestEndToEndScanWorkflow::test_full_scan_lifecycle 
-------------------------------- live log call --------------------------------
22:49:50 [INFO] Scan scan_001 started targeting 'example.com'
22:49:50 [INFO] Scan scan_001: init -> discovery
FAILED                                                                   [100%]
------------------------------ live log teardown ------------------------------
22:49:50 [INFO] Session cleanup completed


================================== FAILURES ===================================
C:\Python314\Lib\unittest\case.py:918: AssertionError: <ScanPhase.DISCOVERY: 'discovery'> != <ScanPhase.ENUMERATION: 'enumeration'>
=========================== short test summary info ===========================
FAILED test/integration/test_cross_component.py::TestEndToEndScanWorkflow::test_full_scan_lifecycle
================ 1 failed, 284 passed, 1 deselected in 29.27s =================
